{
  "contracts/interfaces/IERC20.sol": {
    "l": {},
    "path": "/Users/mikewu/Desktop/Pareto/pareto-theta-vault-v1/contracts/interfaces/IERC20.sol",
    "s": {},
    "b": {},
    "f": {},
    "fnMap": {},
    "statementMap": {},
    "branchMap": {}
  },
  "contracts/interfaces/IParetoManager.sol": {
    "l": {},
    "path": "/Users/mikewu/Desktop/Pareto/pareto-theta-vault-v1/contracts/interfaces/IParetoManager.sol",
    "s": {},
    "b": {},
    "f": {},
    "fnMap": {},
    "statementMap": {},
    "branchMap": {}
  },
  "contracts/interfaces/IParetoVault.sol": {
    "l": {},
    "path": "/Users/mikewu/Desktop/Pareto/pareto-theta-vault-v1/contracts/interfaces/IParetoVault.sol",
    "s": {},
    "b": {},
    "f": {},
    "fnMap": {},
    "statementMap": {},
    "branchMap": {}
  },
  "contracts/interfaces/IPrimitiveManager.sol": {
    "l": {},
    "path": "/Users/mikewu/Desktop/Pareto/pareto-theta-vault-v1/contracts/interfaces/IPrimitiveManager.sol",
    "s": {},
    "b": {},
    "f": {},
    "fnMap": {},
    "statementMap": {},
    "branchMap": {}
  },
  "contracts/interfaces/ISwapRouter.sol": {
    "l": {},
    "path": "/Users/mikewu/Desktop/Pareto/pareto-theta-vault-v1/contracts/interfaces/ISwapRouter.sol",
    "s": {},
    "b": {},
    "f": {},
    "fnMap": {},
    "statementMap": {},
    "branchMap": {}
  },
  "contracts/libraries/ABDKMath64x64.sol": {
    "l": {
      "35": 0,
      "36": 0,
      "37": 0,
      "49": 0,
      "50": 0,
      "62": 0,
      "63": 0,
      "64": 0,
      "76": 0,
      "77": 0,
      "78": 0,
      "90": 0,
      "91": 0,
      "92": 0,
      "93": 0,
      "105": 0,
      "106": 0,
      "118": 302,
      "119": 302,
      "120": 302,
      "121": 302,
      "133": 302,
      "134": 302,
      "135": 302,
      "136": 302,
      "148": 604,
      "149": 604,
      "150": 604,
      "151": 604,
      "164": 0,
      "165": 0,
      "166": 0,
      "170": 0,
      "172": 0,
      "173": 0,
      "174": 0,
      "175": 0,
      "177": 0,
      "178": 0,
      "179": 0,
      "181": 0,
      "182": 0,
      "183": 0,
      "187": 0,
      "189": 0,
      "193": 0,
      "208": 0,
      "209": 0,
      "211": 0,
      "213": 0,
      "215": 0,
      "217": 0,
      "218": 0,
      "220": 0,
      "225": 0,
      "238": 906,
      "239": 906,
      "240": 906,
      "241": 906,
      "242": 906,
      "255": 0,
      "256": 0,
      "258": 0,
      "259": 0,
      "260": 0,
      "261": 0,
      "263": 0,
      "264": 0,
      "265": 0,
      "267": 0,
      "268": 0,
      "269": 0,
      "270": 0,
      "272": 0,
      "273": 0,
      "287": 0,
      "288": 0,
      "289": 0,
      "290": 0,
      "291": 0,
      "302": 0,
      "303": 0,
      "304": 0,
      "315": 0,
      "316": 0,
      "317": 0,
      "329": 0,
      "330": 0,
      "331": 0,
      "332": 0,
      "333": 0,
      "345": 0,
      "346": 0,
      "359": 0,
      "360": 0,
      "361": 0,
      "362": 0,
      "366": 0,
      "379": 302,
      "380": 302,
      "382": 302,
      "383": 302,
      "384": 302,
      "386": 302,
      "387": 302,
      "388": 302,
      "389": 302,
      "390": 0,
      "392": 302,
      "394": 302,
      "395": 302,
      "397": 302,
      "399": 302,
      "400": 0,
      "402": 302,
      "404": 302,
      "405": 0,
      "407": 302,
      "409": 302,
      "412": 302,
      "414": 0,
      "415": 0,
      "416": 0,
      "417": 0,
      "419": 0,
      "420": 0,
      "421": 0,
      "423": 0,
      "424": 0,
      "425": 0,
      "427": 0,
      "428": 0,
      "429": 0,
      "431": 0,
      "432": 0,
      "433": 0,
      "435": 0,
      "436": 0,
      "437": 0,
      "440": 0,
      "441": 0,
      "442": 0,
      "444": 0,
      "445": 0,
      "446": 0,
      "447": 0,
      "448": 0,
      "449": 0,
      "452": 0,
      "453": 0,
      "454": 0,
      "455": 0,
      "456": 0,
      "459": 0,
      "462": 0,
      "463": 0,
      "465": 302,
      "466": 302,
      "467": 302,
      "478": 302,
      "479": 302,
      "480": 302,
      "491": 302,
      "492": 302,
      "494": 302,
      "495": 302,
      "496": 302,
      "497": 90,
      "498": 90,
      "500": 302,
      "501": 212,
      "502": 212,
      "504": 302,
      "505": 212,
      "506": 212,
      "508": 302,
      "509": 212,
      "510": 212,
      "512": 302,
      "513": 212,
      "514": 212,
      "516": 302,
      "517": 212,
      "518": 212,
      "520": 302,
      "522": 302,
      "523": 302,
      "524": 302,
      "525": 19328,
      "526": 19328,
      "527": 19328,
      "528": 19328,
      "531": 302,
      "542": 302,
      "543": 302,
      "545": 302,
      "562": 0,
      "563": 0,
      "565": 0,
      "567": 0,
      "569": 0,
      "570": 0,
      "571": 0,
      "572": 0,
      "573": 0,
      "574": 0,
      "575": 0,
      "576": 0,
      "577": 0,
      "578": 0,
      "579": 0,
      "580": 0,
      "581": 0,
      "582": 0,
      "583": 0,
      "584": 0,
      "585": 0,
      "586": 0,
      "587": 0,
      "588": 0,
      "589": 0,
      "590": 0,
      "591": 0,
      "592": 0,
      "593": 0,
      "594": 0,
      "595": 0,
      "596": 0,
      "597": 0,
      "598": 0,
      "599": 0,
      "600": 0,
      "601": 0,
      "602": 0,
      "603": 0,
      "604": 0,
      "605": 0,
      "606": 0,
      "607": 0,
      "608": 0,
      "609": 0,
      "610": 0,
      "611": 0,
      "612": 0,
      "613": 0,
      "614": 0,
      "615": 0,
      "616": 0,
      "617": 0,
      "618": 0,
      "619": 0,
      "620": 0,
      "621": 0,
      "622": 0,
      "623": 0,
      "624": 0,
      "625": 0,
      "626": 0,
      "627": 0,
      "628": 0,
      "629": 0,
      "630": 0,
      "631": 0,
      "632": 0,
      "633": 0,
      "634": 0,
      "635": 0,
      "636": 0,
      "637": 0,
      "638": 0,
      "639": 0,
      "640": 0,
      "641": 0,
      "642": 0,
      "643": 0,
      "644": 0,
      "645": 0,
      "646": 0,
      "647": 0,
      "648": 0,
      "649": 0,
      "650": 0,
      "651": 0,
      "652": 0,
      "653": 0,
      "654": 0,
      "655": 0,
      "656": 0,
      "657": 0,
      "658": 0,
      "659": 0,
      "660": 0,
      "661": 0,
      "662": 0,
      "663": 0,
      "664": 0,
      "665": 0,
      "666": 0,
      "667": 0,
      "668": 0,
      "669": 0,
      "670": 0,
      "671": 0,
      "672": 0,
      "673": 0,
      "674": 0,
      "675": 0,
      "676": 0,
      "677": 0,
      "678": 0,
      "679": 0,
      "680": 0,
      "681": 0,
      "682": 0,
      "683": 0,
      "684": 0,
      "685": 0,
      "686": 0,
      "687": 0,
      "688": 0,
      "689": 0,
      "690": 0,
      "691": 0,
      "692": 0,
      "693": 0,
      "694": 0,
      "695": 0,
      "696": 0,
      "698": 0,
      "699": 0,
      "701": 0,
      "712": 0,
      "713": 0,
      "715": 0,
      "717": 0,
      "735": 0,
      "736": 0,
      "738": 0,
      "740": 0,
      "741": 0,
      "743": 0,
      "744": 0,
      "745": 0,
      "746": 0,
      "747": 0,
      "749": 0,
      "750": 0,
      "751": 0,
      "753": 0,
      "754": 0,
      "755": 0,
      "757": 0,
      "758": 0,
      "759": 0,
      "761": 0,
      "762": 0,
      "763": 0,
      "765": 0,
      "767": 0,
      "768": 0,
      "770": 0,
      "771": 0,
      "773": 0,
      "774": 0,
      "776": 0,
      "777": 0,
      "778": 0,
      "779": 0,
      "780": 0,
      "782": 0,
      "784": 0,
      "787": 0,
      "788": 0,
      "800": 302,
      "801": 302,
      "803": 302,
      "804": 302,
      "805": 302,
      "806": 1,
      "807": 1,
      "809": 302,
      "810": 301,
      "811": 301,
      "813": 302,
      "814": 301,
      "815": 301,
      "817": 302,
      "818": 301,
      "819": 301,
      "821": 302,
      "822": 103,
      "823": 103,
      "825": 302,
      "826": 139,
      "827": 139,
      "829": 302,
      "830": 63,
      "832": 302,
      "833": 302,
      "834": 302,
      "835": 302,
      "836": 302,
      "837": 302,
      "838": 302,
      "839": 302,
      "840": 302
    },
    "path": "/Users/mikewu/Desktop/Pareto/pareto-theta-vault-v1/contracts/libraries/ABDKMath64x64.sol",
    "s": {
      "1": 0,
      "2": 0,
      "3": 0,
      "4": 0,
      "5": 0,
      "6": 0,
      "7": 0,
      "8": 0,
      "9": 0,
      "10": 0,
      "11": 0,
      "12": 302,
      "13": 302,
      "14": 302,
      "15": 302,
      "16": 302,
      "17": 302,
      "18": 604,
      "19": 604,
      "20": 604,
      "21": 0,
      "22": 0,
      "23": 0,
      "24": 0,
      "25": 0,
      "26": 0,
      "27": 0,
      "28": 0,
      "29": 0,
      "30": 0,
      "31": 0,
      "32": 0,
      "33": 0,
      "34": 0,
      "35": 0,
      "36": 0,
      "37": 0,
      "38": 0,
      "39": 0,
      "40": 0,
      "41": 0,
      "42": 0,
      "43": 0,
      "44": 0,
      "45": 0,
      "46": 906,
      "47": 906,
      "48": 906,
      "49": 906,
      "50": 0,
      "51": 0,
      "52": 0,
      "53": 0,
      "54": 0,
      "55": 0,
      "56": 0,
      "57": 0,
      "58": 0,
      "59": 0,
      "60": 0,
      "61": 0,
      "62": 0,
      "63": 0,
      "64": 0,
      "65": 0,
      "66": 0,
      "67": 0,
      "68": 0,
      "69": 0,
      "70": 0,
      "71": 0,
      "72": 0,
      "73": 0,
      "74": 0,
      "75": 0,
      "76": 0,
      "77": 0,
      "78": 0,
      "79": 0,
      "80": 0,
      "81": 302,
      "82": 302,
      "83": 302,
      "84": 302,
      "85": 302,
      "86": 302,
      "87": 302,
      "88": 302,
      "89": 0,
      "90": 302,
      "91": 302,
      "92": 302,
      "93": 302,
      "94": 302,
      "95": 0,
      "96": 302,
      "97": 302,
      "98": 0,
      "99": 302,
      "100": 302,
      "101": 302,
      "102": 0,
      "103": 0,
      "104": 0,
      "105": 0,
      "106": 0,
      "107": 0,
      "108": 0,
      "109": 0,
      "110": 0,
      "111": 0,
      "112": 0,
      "113": 0,
      "114": 0,
      "115": 0,
      "116": 0,
      "117": 0,
      "118": 0,
      "119": 0,
      "120": 0,
      "121": 0,
      "122": 0,
      "123": 0,
      "124": 0,
      "125": 0,
      "126": 0,
      "127": 0,
      "128": 0,
      "129": 0,
      "130": 0,
      "131": 0,
      "132": 0,
      "133": 0,
      "134": 0,
      "135": 0,
      "136": 0,
      "137": 0,
      "138": 302,
      "139": 302,
      "140": 302,
      "141": 302,
      "142": 302,
      "143": 302,
      "144": 302,
      "145": 302,
      "146": 302,
      "147": 90,
      "148": 90,
      "149": 302,
      "150": 212,
      "151": 212,
      "152": 302,
      "153": 212,
      "154": 212,
      "155": 302,
      "156": 212,
      "157": 212,
      "158": 302,
      "159": 212,
      "160": 212,
      "161": 302,
      "162": 212,
      "163": 212,
      "164": 302,
      "165": 212,
      "166": 302,
      "167": 302,
      "168": 302,
      "169": 19328,
      "170": 19328,
      "171": 19328,
      "172": 19328,
      "173": 302,
      "174": 302,
      "175": 302,
      "176": 0,
      "177": 0,
      "178": 0,
      "179": 0,
      "180": 0,
      "181": 0,
      "182": 0,
      "183": 0,
      "184": 0,
      "185": 0,
      "186": 0,
      "187": 0,
      "188": 0,
      "189": 0,
      "190": 0,
      "191": 0,
      "192": 0,
      "193": 0,
      "194": 0,
      "195": 0,
      "196": 0,
      "197": 0,
      "198": 0,
      "199": 0,
      "200": 0,
      "201": 0,
      "202": 0,
      "203": 0,
      "204": 0,
      "205": 0,
      "206": 0,
      "207": 0,
      "208": 0,
      "209": 0,
      "210": 0,
      "211": 0,
      "212": 0,
      "213": 0,
      "214": 0,
      "215": 0,
      "216": 0,
      "217": 0,
      "218": 0,
      "219": 0,
      "220": 0,
      "221": 0,
      "222": 0,
      "223": 0,
      "224": 0,
      "225": 0,
      "226": 0,
      "227": 0,
      "228": 0,
      "229": 0,
      "230": 0,
      "231": 0,
      "232": 0,
      "233": 0,
      "234": 0,
      "235": 0,
      "236": 0,
      "237": 0,
      "238": 0,
      "239": 0,
      "240": 0,
      "241": 0,
      "242": 0,
      "243": 0,
      "244": 0,
      "245": 0,
      "246": 0,
      "247": 0,
      "248": 0,
      "249": 0,
      "250": 0,
      "251": 0,
      "252": 0,
      "253": 0,
      "254": 0,
      "255": 0,
      "256": 0,
      "257": 0,
      "258": 0,
      "259": 0,
      "260": 0,
      "261": 0,
      "262": 0,
      "263": 0,
      "264": 0,
      "265": 0,
      "266": 0,
      "267": 0,
      "268": 0,
      "269": 0,
      "270": 0,
      "271": 0,
      "272": 0,
      "273": 0,
      "274": 0,
      "275": 0,
      "276": 0,
      "277": 0,
      "278": 0,
      "279": 0,
      "280": 0,
      "281": 0,
      "282": 0,
      "283": 0,
      "284": 0,
      "285": 0,
      "286": 0,
      "287": 0,
      "288": 0,
      "289": 0,
      "290": 0,
      "291": 0,
      "292": 0,
      "293": 0,
      "294": 0,
      "295": 0,
      "296": 0,
      "297": 0,
      "298": 0,
      "299": 0,
      "300": 0,
      "301": 0,
      "302": 0,
      "303": 0,
      "304": 0,
      "305": 0,
      "306": 0,
      "307": 0,
      "308": 0,
      "309": 0,
      "310": 0,
      "311": 0,
      "312": 0,
      "313": 0,
      "314": 0,
      "315": 0,
      "316": 0,
      "317": 0,
      "318": 0,
      "319": 0,
      "320": 0,
      "321": 0,
      "322": 0,
      "323": 0,
      "324": 0,
      "325": 0,
      "326": 0,
      "327": 0,
      "328": 0,
      "329": 0,
      "330": 0,
      "331": 0,
      "332": 0,
      "333": 0,
      "334": 0,
      "335": 0,
      "336": 0,
      "337": 0,
      "338": 0,
      "339": 0,
      "340": 0,
      "341": 0,
      "342": 0,
      "343": 0,
      "344": 0,
      "345": 0,
      "346": 0,
      "347": 0,
      "348": 0,
      "349": 0,
      "350": 0,
      "351": 0,
      "352": 0,
      "353": 0,
      "354": 0,
      "355": 302,
      "356": 0,
      "357": 302,
      "358": 302,
      "359": 302,
      "360": 1,
      "361": 1,
      "362": 302,
      "363": 301,
      "364": 301,
      "365": 302,
      "366": 301,
      "367": 301,
      "368": 302,
      "369": 301,
      "370": 301,
      "371": 302,
      "372": 103,
      "373": 103,
      "374": 302,
      "375": 139,
      "376": 139,
      "377": 302,
      "378": 63,
      "379": 302,
      "380": 302,
      "381": 302,
      "382": 302,
      "383": 302,
      "384": 302,
      "385": 302,
      "386": 302,
      "387": 302
    },
    "b": {
      "1": [0, 0],
      "2": [0, 0],
      "3": [0, 0],
      "4": [0, 0],
      "5": [302, 0],
      "6": [302, 0],
      "7": [604, 0],
      "8": [0, 0],
      "9": [0, 0],
      "10": [0, 0],
      "11": [0, 0],
      "12": [0, 0],
      "13": [0, 0],
      "14": [0, 0],
      "15": [0, 0],
      "16": [0, 0],
      "17": [0, 0],
      "18": [0, 0],
      "19": [906, 0],
      "20": [906, 0],
      "21": [0, 0],
      "22": [0, 0],
      "23": [0, 0],
      "24": [0, 0],
      "25": [0, 0],
      "26": [0, 0],
      "27": [0, 0],
      "28": [0, 0],
      "29": [0, 0],
      "30": [0, 0],
      "31": [0, 0],
      "32": [0, 0],
      "33": [0, 0],
      "34": [0, 0],
      "35": [302, 0],
      "36": [0, 302],
      "37": [302, 0],
      "38": [0, 302],
      "39": [0, 302],
      "40": [0, 0],
      "41": [0, 0],
      "42": [0, 0],
      "43": [0, 0],
      "44": [0, 0],
      "45": [0, 0],
      "46": [0, 0],
      "47": [0, 0],
      "48": [0, 0],
      "49": [0, 0],
      "50": [0, 0],
      "51": [302, 0],
      "52": [302, 0],
      "53": [302, 0],
      "54": [90, 212],
      "55": [212, 90],
      "56": [212, 90],
      "57": [212, 90],
      "58": [212, 90],
      "59": [212, 90],
      "60": [212, 90],
      "61": [302, 0],
      "62": [0, 0],
      "63": [0, 0],
      "64": [0, 0],
      "65": [0, 0],
      "66": [0, 0],
      "67": [0, 0],
      "68": [0, 0],
      "69": [0, 0],
      "70": [0, 0],
      "71": [0, 0],
      "72": [0, 0],
      "73": [0, 0],
      "74": [0, 0],
      "75": [0, 0],
      "76": [0, 0],
      "77": [0, 0],
      "78": [0, 0],
      "79": [0, 0],
      "80": [0, 0],
      "81": [0, 0],
      "82": [0, 0],
      "83": [0, 0],
      "84": [0, 0],
      "85": [0, 0],
      "86": [0, 0],
      "87": [0, 0],
      "88": [0, 0],
      "89": [0, 0],
      "90": [0, 0],
      "91": [0, 0],
      "92": [0, 0],
      "93": [0, 0],
      "94": [0, 0],
      "95": [0, 0],
      "96": [0, 0],
      "97": [0, 0],
      "98": [0, 0],
      "99": [0, 0],
      "100": [0, 0],
      "101": [0, 0],
      "102": [0, 0],
      "103": [0, 0],
      "104": [0, 0],
      "105": [0, 0],
      "106": [0, 0],
      "107": [0, 0],
      "108": [0, 0],
      "109": [0, 0],
      "110": [0, 0],
      "111": [0, 0],
      "112": [0, 0],
      "113": [0, 0],
      "114": [0, 0],
      "115": [0, 0],
      "116": [0, 0],
      "117": [0, 0],
      "118": [0, 0],
      "119": [0, 0],
      "120": [0, 0],
      "121": [0, 0],
      "122": [0, 0],
      "123": [0, 0],
      "124": [0, 0],
      "125": [0, 0],
      "126": [0, 0],
      "127": [0, 0],
      "128": [0, 0],
      "129": [0, 0],
      "130": [0, 0],
      "131": [0, 0],
      "132": [0, 0],
      "133": [0, 0],
      "134": [0, 0],
      "135": [0, 0],
      "136": [0, 0],
      "137": [0, 0],
      "138": [0, 0],
      "139": [0, 0],
      "140": [0, 0],
      "141": [0, 0],
      "142": [0, 0],
      "143": [0, 302],
      "144": [1, 301],
      "145": [301, 1],
      "146": [301, 1],
      "147": [301, 1],
      "148": [103, 199],
      "149": [139, 163],
      "150": [63, 239]
    },
    "f": {
      "1": 0,
      "2": 0,
      "3": 0,
      "4": 0,
      "5": 0,
      "6": 0,
      "7": 302,
      "8": 302,
      "9": 604,
      "10": 0,
      "11": 0,
      "12": 906,
      "13": 0,
      "14": 0,
      "15": 0,
      "16": 0,
      "17": 0,
      "18": 0,
      "19": 0,
      "20": 302,
      "21": 302,
      "22": 302,
      "23": 302,
      "24": 0,
      "25": 0,
      "26": 0,
      "27": 302
    },
    "fnMap": {
      "1": {
        "name": "fromInt",
        "line": 34,
        "loc": {
          "start": { "line": 34, "column": 4 },
          "end": { "line": 39, "column": 4 }
        }
      },
      "2": {
        "name": "toInt",
        "line": 48,
        "loc": {
          "start": { "line": 48, "column": 4 },
          "end": { "line": 52, "column": 4 }
        }
      },
      "3": {
        "name": "fromUInt",
        "line": 61,
        "loc": {
          "start": { "line": 61, "column": 4 },
          "end": { "line": 66, "column": 4 }
        }
      },
      "4": {
        "name": "toUInt",
        "line": 75,
        "loc": {
          "start": { "line": 75, "column": 4 },
          "end": { "line": 80, "column": 4 }
        }
      },
      "5": {
        "name": "from128x128",
        "line": 89,
        "loc": {
          "start": { "line": 89, "column": 4 },
          "end": { "line": 95, "column": 4 }
        }
      },
      "6": {
        "name": "to128x128",
        "line": 104,
        "loc": {
          "start": { "line": 104, "column": 4 },
          "end": { "line": 108, "column": 4 }
        }
      },
      "7": {
        "name": "add",
        "line": 117,
        "loc": {
          "start": { "line": 117, "column": 4 },
          "end": { "line": 123, "column": 4 }
        }
      },
      "8": {
        "name": "sub",
        "line": 132,
        "loc": {
          "start": { "line": 132, "column": 4 },
          "end": { "line": 138, "column": 4 }
        }
      },
      "9": {
        "name": "mul",
        "line": 147,
        "loc": {
          "start": { "line": 147, "column": 4 },
          "end": { "line": 153, "column": 4 }
        }
      },
      "10": {
        "name": "muli",
        "line": 163,
        "loc": {
          "start": { "line": 163, "column": 4 },
          "end": { "line": 197, "column": 4 }
        }
      },
      "11": {
        "name": "mulu",
        "line": 207,
        "loc": {
          "start": { "line": 207, "column": 4 },
          "end": { "line": 227, "column": 4 }
        }
      },
      "12": {
        "name": "div",
        "line": 237,
        "loc": {
          "start": { "line": 237, "column": 4 },
          "end": { "line": 244, "column": 4 }
        }
      },
      "13": {
        "name": "divi",
        "line": 254,
        "loc": {
          "start": { "line": 254, "column": 4 },
          "end": { "line": 276, "column": 4 }
        }
      },
      "14": {
        "name": "divu",
        "line": 286,
        "loc": {
          "start": { "line": 286, "column": 4 },
          "end": { "line": 293, "column": 4 }
        }
      },
      "15": {
        "name": "neg",
        "line": 301,
        "loc": {
          "start": { "line": 301, "column": 4 },
          "end": { "line": 306, "column": 4 }
        }
      },
      "16": {
        "name": "abs",
        "line": 314,
        "loc": {
          "start": { "line": 314, "column": 4 },
          "end": { "line": 319, "column": 4 }
        }
      },
      "17": {
        "name": "inv",
        "line": 328,
        "loc": {
          "start": { "line": 328, "column": 4 },
          "end": { "line": 335, "column": 4 }
        }
      },
      "18": {
        "name": "avg",
        "line": 344,
        "loc": {
          "start": { "line": 344, "column": 4 },
          "end": { "line": 348, "column": 4 }
        }
      },
      "19": {
        "name": "gavg",
        "line": 358,
        "loc": {
          "start": { "line": 358, "column": 4 },
          "end": { "line": 368, "column": 4 }
        }
      },
      "20": {
        "name": "pow",
        "line": 378,
        "loc": {
          "start": { "line": 378, "column": 4 },
          "end": { "line": 469, "column": 4 }
        }
      },
      "21": {
        "name": "sqrt",
        "line": 477,
        "loc": {
          "start": { "line": 477, "column": 4 },
          "end": { "line": 482, "column": 4 }
        }
      },
      "22": {
        "name": "log_2",
        "line": 490,
        "loc": {
          "start": { "line": 490, "column": 4 },
          "end": { "line": 533, "column": 4 }
        }
      },
      "23": {
        "name": "ln",
        "line": 541,
        "loc": {
          "start": { "line": 541, "column": 4 },
          "end": { "line": 553, "column": 4 }
        }
      },
      "24": {
        "name": "exp_2",
        "line": 561,
        "loc": {
          "start": { "line": 561, "column": 4 },
          "end": { "line": 703, "column": 4 }
        }
      },
      "25": {
        "name": "exp",
        "line": 711,
        "loc": {
          "start": { "line": 711, "column": 4 },
          "end": { "line": 724, "column": 4 }
        }
      },
      "26": {
        "name": "divuu",
        "line": 734,
        "loc": {
          "start": { "line": 734, "column": 4 },
          "end": { "line": 790, "column": 4 }
        }
      },
      "27": {
        "name": "sqrtu",
        "line": 799,
        "loc": {
          "start": { "line": 799, "column": 4 },
          "end": { "line": 843, "column": 4 }
        }
      }
    },
    "statementMap": {
      "1": {
        "start": { "line": 36, "column": 12 },
        "end": { "line": 36, "column": 71 }
      },
      "2": {
        "start": { "line": 37, "column": 12 },
        "end": { "line": 37, "column": 34 }
      },
      "3": {
        "start": { "line": 50, "column": 12 },
        "end": { "line": 50, "column": 33 }
      },
      "4": {
        "start": { "line": 63, "column": 12 },
        "end": { "line": 63, "column": 43 }
      },
      "5": {
        "start": { "line": 64, "column": 12 },
        "end": { "line": 64, "column": 42 }
      },
      "6": {
        "start": { "line": 77, "column": 12 },
        "end": { "line": 77, "column": 26 }
      },
      "7": {
        "start": { "line": 78, "column": 12 },
        "end": { "line": 78, "column": 43 }
      },
      "8": {
        "start": { "line": 91, "column": 12 },
        "end": { "line": 91, "column": 35 }
      },
      "9": {
        "start": { "line": 92, "column": 12 },
        "end": { "line": 92, "column": 62 }
      },
      "10": {
        "start": { "line": 93, "column": 12 },
        "end": { "line": 93, "column": 33 }
      },
      "11": {
        "start": { "line": 106, "column": 12 },
        "end": { "line": 106, "column": 34 }
      },
      "12": {
        "start": { "line": 119, "column": 12 },
        "end": { "line": 119, "column": 41 }
      },
      "13": {
        "start": { "line": 120, "column": 12 },
        "end": { "line": 120, "column": 62 }
      },
      "14": {
        "start": { "line": 121, "column": 12 },
        "end": { "line": 121, "column": 33 }
      },
      "15": {
        "start": { "line": 134, "column": 12 },
        "end": { "line": 134, "column": 41 }
      },
      "16": {
        "start": { "line": 135, "column": 12 },
        "end": { "line": 135, "column": 62 }
      },
      "17": {
        "start": { "line": 136, "column": 12 },
        "end": { "line": 136, "column": 33 }
      },
      "18": {
        "start": { "line": 149, "column": 12 },
        "end": { "line": 149, "column": 49 }
      },
      "19": {
        "start": { "line": 150, "column": 12 },
        "end": { "line": 150, "column": 62 }
      },
      "20": {
        "start": { "line": 151, "column": 12 },
        "end": { "line": 151, "column": 33 }
      },
      "21": {
        "start": { "line": 165, "column": 12 },
        "end": { "line": 165, "column": 5400 }
      },
      "22": {
        "start": { "line": 166, "column": 16 },
        "end": { "line": 166, "column": 5442 }
      },
      "23": {
        "start": { "line": 170, "column": 16 },
        "end": { "line": 170, "column": 31 }
      },
      "24": {
        "start": { "line": 172, "column": 16 },
        "end": { "line": 172, "column": 43 }
      },
      "25": {
        "start": { "line": 173, "column": 16 },
        "end": { "line": 173, "column": 5746 }
      },
      "26": {
        "start": { "line": 174, "column": 20 },
        "end": { "line": 174, "column": 25 }
      },
      "27": {
        "start": { "line": 175, "column": 20 },
        "end": { "line": 175, "column": 40 }
      },
      "28": {
        "start": { "line": 177, "column": 16 },
        "end": { "line": 177, "column": 5864 }
      },
      "29": {
        "start": { "line": 178, "column": 20 },
        "end": { "line": 178, "column": 25 }
      },
      "30": {
        "start": { "line": 179, "column": 20 },
        "end": { "line": 179, "column": 51 }
      },
      "31": {
        "start": { "line": 181, "column": 16 },
        "end": { "line": 181, "column": 60 }
      },
      "32": {
        "start": { "line": 182, "column": 16 },
        "end": { "line": 182, "column": 6092 }
      },
      "33": {
        "start": { "line": 183, "column": 20 },
        "end": { "line": 183, "column": 6138 }
      },
      "34": {
        "start": { "line": 187, "column": 20 },
        "end": { "line": 187, "column": 50 }
      },
      "35": {
        "start": { "line": 189, "column": 20 },
        "end": { "line": 189, "column": 6441 }
      },
      "36": {
        "start": { "line": 193, "column": 20 },
        "end": { "line": 193, "column": 49 }
      },
      "37": {
        "start": { "line": 209, "column": 12 },
        "end": { "line": 209, "column": 32 }
      },
      "38": {
        "start": { "line": 209, "column": 24 },
        "end": { "line": 209, "column": 32 }
      },
      "39": {
        "start": { "line": 211, "column": 12 },
        "end": { "line": 211, "column": 26 }
      },
      "40": {
        "start": { "line": 213, "column": 12 },
        "end": { "line": 213, "column": 7240 }
      },
      "41": {
        "start": { "line": 215, "column": 12 },
        "end": { "line": 215, "column": 56 }
      },
      "42": {
        "start": { "line": 217, "column": 12 },
        "end": { "line": 217, "column": 76 }
      },
      "43": {
        "start": { "line": 218, "column": 12 },
        "end": { "line": 218, "column": 20 }
      },
      "44": {
        "start": { "line": 220, "column": 12 },
        "end": { "line": 220, "column": 7463 }
      },
      "45": {
        "start": { "line": 225, "column": 12 },
        "end": { "line": 225, "column": 26 }
      },
      "46": {
        "start": { "line": 239, "column": 12 },
        "end": { "line": 239, "column": 26 }
      },
      "47": {
        "start": { "line": 240, "column": 12 },
        "end": { "line": 240, "column": 49 }
      },
      "48": {
        "start": { "line": 241, "column": 12 },
        "end": { "line": 241, "column": 62 }
      },
      "49": {
        "start": { "line": 242, "column": 12 },
        "end": { "line": 242, "column": 33 }
      },
      "50": {
        "start": { "line": 256, "column": 12 },
        "end": { "line": 256, "column": 26 }
      },
      "51": {
        "start": { "line": 258, "column": 12 },
        "end": { "line": 258, "column": 39 }
      },
      "52": {
        "start": { "line": 259, "column": 12 },
        "end": { "line": 259, "column": 8709 }
      },
      "53": {
        "start": { "line": 260, "column": 16 },
        "end": { "line": 260, "column": 21 }
      },
      "54": {
        "start": { "line": 261, "column": 16 },
        "end": { "line": 261, "column": 36 }
      },
      "55": {
        "start": { "line": 263, "column": 12 },
        "end": { "line": 263, "column": 8848 }
      },
      "56": {
        "start": { "line": 264, "column": 16 },
        "end": { "line": 264, "column": 21 }
      },
      "57": {
        "start": { "line": 265, "column": 16 },
        "end": { "line": 265, "column": 47 }
      },
      "58": {
        "start": { "line": 267, "column": 12 },
        "end": { "line": 267, "column": 66 }
      },
      "59": {
        "start": { "line": 268, "column": 12 },
        "end": { "line": 268, "column": 9066 }
      },
      "60": {
        "start": { "line": 269, "column": 16 },
        "end": { "line": 269, "column": 76 }
      },
      "61": {
        "start": { "line": 270, "column": 16 },
        "end": { "line": 270, "column": 46 }
      },
      "62": {
        "start": { "line": 272, "column": 16 },
        "end": { "line": 272, "column": 76 }
      },
      "63": {
        "start": { "line": 273, "column": 16 },
        "end": { "line": 273, "column": 45 }
      },
      "64": {
        "start": { "line": 288, "column": 12 },
        "end": { "line": 288, "column": 26 }
      },
      "65": {
        "start": { "line": 289, "column": 12 },
        "end": { "line": 289, "column": 40 }
      },
      "66": {
        "start": { "line": 290, "column": 12 },
        "end": { "line": 290, "column": 48 }
      },
      "67": {
        "start": { "line": 291, "column": 12 },
        "end": { "line": 291, "column": 33 }
      },
      "68": {
        "start": { "line": 303, "column": 12 },
        "end": { "line": 303, "column": 34 }
      },
      "69": {
        "start": { "line": 304, "column": 12 },
        "end": { "line": 304, "column": 21 }
      },
      "70": {
        "start": { "line": 316, "column": 12 },
        "end": { "line": 316, "column": 34 }
      },
      "71": {
        "start": { "line": 317, "column": 12 },
        "end": { "line": 317, "column": 33 }
      },
      "72": {
        "start": { "line": 330, "column": 12 },
        "end": { "line": 330, "column": 26 }
      },
      "73": {
        "start": { "line": 331, "column": 12 },
        "end": { "line": 331, "column": 75 }
      },
      "74": {
        "start": { "line": 332, "column": 12 },
        "end": { "line": 332, "column": 62 }
      },
      "75": {
        "start": { "line": 333, "column": 12 },
        "end": { "line": 333, "column": 33 }
      },
      "76": {
        "start": { "line": 346, "column": 12 },
        "end": { "line": 346, "column": 55 }
      },
      "77": {
        "start": { "line": 360, "column": 12 },
        "end": { "line": 360, "column": 44 }
      },
      "78": {
        "start": { "line": 361, "column": 12 },
        "end": { "line": 361, "column": 26 }
      },
      "79": {
        "start": { "line": 362, "column": 12 },
        "end": { "line": 362, "column": 12147 }
      },
      "80": {
        "start": { "line": 366, "column": 12 },
        "end": { "line": 366, "column": 44 }
      },
      "81": {
        "start": { "line": 380, "column": 12 },
        "end": { "line": 380, "column": 47 }
      },
      "82": {
        "start": { "line": 382, "column": 12 },
        "end": { "line": 382, "column": 50 }
      },
      "83": {
        "start": { "line": 383, "column": 12 },
        "end": { "line": 383, "column": 29 }
      },
      "84": {
        "start": { "line": 384, "column": 12 },
        "end": { "line": 384, "column": 58 }
      },
      "85": {
        "start": { "line": 386, "column": 12 },
        "end": { "line": 386, "column": 12948 }
      },
      "86": {
        "start": { "line": 387, "column": 16 },
        "end": { "line": 387, "column": 26 }
      },
      "87": {
        "start": { "line": 388, "column": 16 },
        "end": { "line": 388, "column": 13032 }
      },
      "88": {
        "start": { "line": 389, "column": 20 },
        "end": { "line": 389, "column": 13073 }
      },
      "89": {
        "start": { "line": 390, "column": 24 },
        "end": { "line": 390, "column": 60 }
      },
      "90": {
        "start": { "line": 392, "column": 20 },
        "end": { "line": 392, "column": 46 }
      },
      "91": {
        "start": { "line": 394, "column": 20 },
        "end": { "line": 394, "column": 13248 }
      },
      "92": {
        "start": { "line": 395, "column": 24 },
        "end": { "line": 395, "column": 60 }
      },
      "93": {
        "start": { "line": 397, "column": 20 },
        "end": { "line": 397, "column": 46 }
      },
      "94": {
        "start": { "line": 399, "column": 20 },
        "end": { "line": 399, "column": 13423 }
      },
      "95": {
        "start": { "line": 400, "column": 24 },
        "end": { "line": 400, "column": 60 }
      },
      "96": {
        "start": { "line": 402, "column": 20 },
        "end": { "line": 402, "column": 46 }
      },
      "97": {
        "start": { "line": 404, "column": 20 },
        "end": { "line": 404, "column": 13598 }
      },
      "98": {
        "start": { "line": 405, "column": 24 },
        "end": { "line": 405, "column": 60 }
      },
      "99": {
        "start": { "line": 407, "column": 20 },
        "end": { "line": 407, "column": 46 }
      },
      "100": {
        "start": { "line": 409, "column": 20 },
        "end": { "line": 409, "column": 26 }
      },
      "101": {
        "start": { "line": 412, "column": 16 },
        "end": { "line": 412, "column": 31 }
      },
      "102": {
        "start": { "line": 414, "column": 16 },
        "end": { "line": 414, "column": 38 }
      },
      "103": {
        "start": { "line": 415, "column": 16 },
        "end": { "line": 415, "column": 13908 }
      },
      "104": {
        "start": { "line": 416, "column": 20 },
        "end": { "line": 416, "column": 30 }
      },
      "105": {
        "start": { "line": 417, "column": 20 },
        "end": { "line": 417, "column": 34 }
      },
      "106": {
        "start": { "line": 419, "column": 16 },
        "end": { "line": 419, "column": 14054 }
      },
      "107": {
        "start": { "line": 420, "column": 20 },
        "end": { "line": 420, "column": 30 }
      },
      "108": {
        "start": { "line": 421, "column": 20 },
        "end": { "line": 421, "column": 34 }
      },
      "109": {
        "start": { "line": 423, "column": 16 },
        "end": { "line": 423, "column": 14204 }
      },
      "110": {
        "start": { "line": 424, "column": 20 },
        "end": { "line": 424, "column": 29 }
      },
      "111": {
        "start": { "line": 425, "column": 20 },
        "end": { "line": 425, "column": 33 }
      },
      "112": {
        "start": { "line": 427, "column": 16 },
        "end": { "line": 427, "column": 14354 }
      },
      "113": {
        "start": { "line": 428, "column": 20 },
        "end": { "line": 428, "column": 29 }
      },
      "114": {
        "start": { "line": 429, "column": 20 },
        "end": { "line": 429, "column": 33 }
      },
      "115": {
        "start": { "line": 431, "column": 16 },
        "end": { "line": 431, "column": 14505 }
      },
      "116": {
        "start": { "line": 432, "column": 20 },
        "end": { "line": 432, "column": 29 }
      },
      "117": {
        "start": { "line": 433, "column": 20 },
        "end": { "line": 433, "column": 33 }
      },
      "118": {
        "start": { "line": 435, "column": 16 },
        "end": { "line": 435, "column": 14656 }
      },
      "119": {
        "start": { "line": 436, "column": 20 },
        "end": { "line": 436, "column": 29 }
      },
      "120": {
        "start": { "line": 437, "column": 20 },
        "end": { "line": 437, "column": 33 }
      },
      "121": {
        "start": { "line": 440, "column": 16 },
        "end": { "line": 440, "column": 39 }
      },
      "122": {
        "start": { "line": 441, "column": 16 },
        "end": { "line": 441, "column": 14849 }
      },
      "123": {
        "start": { "line": 442, "column": 20 },
        "end": { "line": 442, "column": 42 }
      },
      "124": {
        "start": { "line": 444, "column": 20 },
        "end": { "line": 444, "column": 14936 }
      },
      "125": {
        "start": { "line": 445, "column": 24 },
        "end": { "line": 445, "column": 60 }
      },
      "126": {
        "start": { "line": 446, "column": 24 },
        "end": { "line": 446, "column": 47 }
      },
      "127": {
        "start": { "line": 447, "column": 24 },
        "end": { "line": 447, "column": 15097 }
      },
      "128": {
        "start": { "line": 448, "column": 28 },
        "end": { "line": 448, "column": 42 }
      },
      "129": {
        "start": { "line": 449, "column": 28 },
        "end": { "line": 449, "column": 43 }
      },
      "130": {
        "start": { "line": 452, "column": 20 },
        "end": { "line": 452, "column": 46 }
      },
      "131": {
        "start": { "line": 453, "column": 20 },
        "end": { "line": 453, "column": 34 }
      },
      "132": {
        "start": { "line": 454, "column": 20 },
        "end": { "line": 454, "column": 15393 }
      },
      "133": {
        "start": { "line": 455, "column": 24 },
        "end": { "line": 455, "column": 33 }
      },
      "134": {
        "start": { "line": 456, "column": 24 },
        "end": { "line": 456, "column": 37 }
      },
      "135": {
        "start": { "line": 459, "column": 20 },
        "end": { "line": 459, "column": 26 }
      },
      "136": {
        "start": { "line": 462, "column": 16 },
        "end": { "line": 462, "column": 40 }
      },
      "137": {
        "start": { "line": 463, "column": 16 },
        "end": { "line": 463, "column": 45 }
      },
      "138": {
        "start": { "line": 465, "column": 12 },
        "end": { "line": 465, "column": 77 }
      },
      "139": {
        "start": { "line": 466, "column": 12 },
        "end": { "line": 466, "column": 62 }
      },
      "140": {
        "start": { "line": 467, "column": 12 },
        "end": { "line": 467, "column": 33 }
      },
      "141": {
        "start": { "line": 479, "column": 12 },
        "end": { "line": 479, "column": 26 }
      },
      "142": {
        "start": { "line": 480, "column": 12 },
        "end": { "line": 480, "column": 58 }
      },
      "143": {
        "start": { "line": 492, "column": 12 },
        "end": { "line": 492, "column": 25 }
      },
      "144": {
        "start": { "line": 494, "column": 12 },
        "end": { "line": 494, "column": 26 }
      },
      "145": {
        "start": { "line": 495, "column": 12 },
        "end": { "line": 495, "column": 25 }
      },
      "146": {
        "start": { "line": 496, "column": 12 },
        "end": { "line": 496, "column": 16619 }
      },
      "147": {
        "start": { "line": 497, "column": 16 },
        "end": { "line": 497, "column": 24 }
      },
      "148": {
        "start": { "line": 498, "column": 16 },
        "end": { "line": 498, "column": 24 }
      },
      "149": {
        "start": { "line": 500, "column": 12 },
        "end": { "line": 500, "column": 16732 }
      },
      "150": {
        "start": { "line": 501, "column": 16 },
        "end": { "line": 501, "column": 24 }
      },
      "151": {
        "start": { "line": 502, "column": 16 },
        "end": { "line": 502, "column": 24 }
      },
      "152": {
        "start": { "line": 504, "column": 12 },
        "end": { "line": 504, "column": 16837 }
      },
      "153": {
        "start": { "line": 505, "column": 16 },
        "end": { "line": 505, "column": 24 }
      },
      "154": {
        "start": { "line": 506, "column": 16 },
        "end": { "line": 506, "column": 24 }
      },
      "155": {
        "start": { "line": 508, "column": 12 },
        "end": { "line": 508, "column": 16938 }
      },
      "156": {
        "start": { "line": 509, "column": 16 },
        "end": { "line": 509, "column": 23 }
      },
      "157": {
        "start": { "line": 510, "column": 16 },
        "end": { "line": 510, "column": 23 }
      },
      "158": {
        "start": { "line": 512, "column": 12 },
        "end": { "line": 512, "column": 17035 }
      },
      "159": {
        "start": { "line": 513, "column": 16 },
        "end": { "line": 513, "column": 23 }
      },
      "160": {
        "start": { "line": 514, "column": 16 },
        "end": { "line": 514, "column": 23 }
      },
      "161": {
        "start": { "line": 516, "column": 12 },
        "end": { "line": 516, "column": 17131 }
      },
      "162": {
        "start": { "line": 517, "column": 16 },
        "end": { "line": 517, "column": 23 }
      },
      "163": {
        "start": { "line": 518, "column": 16 },
        "end": { "line": 518, "column": 23 }
      },
      "164": {
        "start": { "line": 520, "column": 12 },
        "end": { "line": 520, "column": 35 }
      },
      "165": {
        "start": { "line": 520, "column": 27 },
        "end": { "line": 520, "column": 34 }
      },
      "166": {
        "start": { "line": 522, "column": 12 },
        "end": { "line": 522, "column": 44 }
      },
      "167": {
        "start": { "line": 523, "column": 12 },
        "end": { "line": 523, "column": 65 }
      },
      "168": {
        "start": { "line": 524, "column": 12 },
        "end": { "line": 524, "column": 17408 }
      },
      "169": {
        "start": { "line": 525, "column": 16 },
        "end": { "line": 525, "column": 23 }
      },
      "170": {
        "start": { "line": 526, "column": 16 },
        "end": { "line": 526, "column": 37 }
      },
      "171": {
        "start": { "line": 527, "column": 16 },
        "end": { "line": 527, "column": 29 }
      },
      "172": {
        "start": { "line": 528, "column": 16 },
        "end": { "line": 528, "column": 40 }
      },
      "173": {
        "start": { "line": 531, "column": 12 },
        "end": { "line": 531, "column": 33 }
      },
      "174": {
        "start": { "line": 543, "column": 12 },
        "end": { "line": 543, "column": 25 }
      },
      "175": {
        "start": { "line": 545, "column": 12 },
        "end": { "line": 545, "column": 17986 }
      },
      "176": {
        "start": { "line": 563, "column": 12 },
        "end": { "line": 563, "column": 44 }
      },
      "177": {
        "start": { "line": 565, "column": 12 },
        "end": { "line": 565, "column": 51 }
      },
      "178": {
        "start": { "line": 565, "column": 43 },
        "end": { "line": 565, "column": 51 }
      },
      "179": {
        "start": { "line": 567, "column": 12 },
        "end": { "line": 567, "column": 63 }
      },
      "180": {
        "start": { "line": 569, "column": 12 },
        "end": { "line": 569, "column": 18761 }
      },
      "181": {
        "start": { "line": 570, "column": 16 },
        "end": { "line": 570, "column": 77 }
      },
      "182": {
        "start": { "line": 571, "column": 12 },
        "end": { "line": 571, "column": 18885 }
      },
      "183": {
        "start": { "line": 572, "column": 16 },
        "end": { "line": 572, "column": 77 }
      },
      "184": {
        "start": { "line": 573, "column": 12 },
        "end": { "line": 573, "column": 19009 }
      },
      "185": {
        "start": { "line": 574, "column": 16 },
        "end": { "line": 574, "column": 77 }
      },
      "186": {
        "start": { "line": 575, "column": 12 },
        "end": { "line": 575, "column": 19133 }
      },
      "187": {
        "start": { "line": 576, "column": 16 },
        "end": { "line": 576, "column": 77 }
      },
      "188": {
        "start": { "line": 577, "column": 12 },
        "end": { "line": 577, "column": 19257 }
      },
      "189": {
        "start": { "line": 578, "column": 16 },
        "end": { "line": 578, "column": 77 }
      },
      "190": {
        "start": { "line": 579, "column": 12 },
        "end": { "line": 579, "column": 19380 }
      },
      "191": {
        "start": { "line": 580, "column": 16 },
        "end": { "line": 580, "column": 77 }
      },
      "192": {
        "start": { "line": 581, "column": 12 },
        "end": { "line": 581, "column": 19503 }
      },
      "193": {
        "start": { "line": 582, "column": 16 },
        "end": { "line": 582, "column": 77 }
      },
      "194": {
        "start": { "line": 583, "column": 12 },
        "end": { "line": 583, "column": 19626 }
      },
      "195": {
        "start": { "line": 584, "column": 16 },
        "end": { "line": 584, "column": 77 }
      },
      "196": {
        "start": { "line": 585, "column": 12 },
        "end": { "line": 585, "column": 19749 }
      },
      "197": {
        "start": { "line": 586, "column": 16 },
        "end": { "line": 586, "column": 77 }
      },
      "198": {
        "start": { "line": 587, "column": 12 },
        "end": { "line": 587, "column": 19871 }
      },
      "199": {
        "start": { "line": 588, "column": 16 },
        "end": { "line": 588, "column": 77 }
      },
      "200": {
        "start": { "line": 589, "column": 12 },
        "end": { "line": 589, "column": 19993 }
      },
      "201": {
        "start": { "line": 590, "column": 16 },
        "end": { "line": 590, "column": 77 }
      },
      "202": {
        "start": { "line": 591, "column": 12 },
        "end": { "line": 591, "column": 20115 }
      },
      "203": {
        "start": { "line": 592, "column": 16 },
        "end": { "line": 592, "column": 77 }
      },
      "204": {
        "start": { "line": 593, "column": 12 },
        "end": { "line": 593, "column": 20237 }
      },
      "205": {
        "start": { "line": 594, "column": 16 },
        "end": { "line": 594, "column": 77 }
      },
      "206": {
        "start": { "line": 595, "column": 12 },
        "end": { "line": 595, "column": 20358 }
      },
      "207": {
        "start": { "line": 596, "column": 16 },
        "end": { "line": 596, "column": 77 }
      },
      "208": {
        "start": { "line": 597, "column": 12 },
        "end": { "line": 597, "column": 20479 }
      },
      "209": {
        "start": { "line": 598, "column": 16 },
        "end": { "line": 598, "column": 77 }
      },
      "210": {
        "start": { "line": 599, "column": 12 },
        "end": { "line": 599, "column": 20600 }
      },
      "211": {
        "start": { "line": 600, "column": 16 },
        "end": { "line": 600, "column": 77 }
      },
      "212": {
        "start": { "line": 601, "column": 12 },
        "end": { "line": 601, "column": 20721 }
      },
      "213": {
        "start": { "line": 602, "column": 16 },
        "end": { "line": 602, "column": 77 }
      },
      "214": {
        "start": { "line": 603, "column": 12 },
        "end": { "line": 603, "column": 20841 }
      },
      "215": {
        "start": { "line": 604, "column": 16 },
        "end": { "line": 604, "column": 77 }
      },
      "216": {
        "start": { "line": 605, "column": 12 },
        "end": { "line": 605, "column": 20961 }
      },
      "217": {
        "start": { "line": 606, "column": 16 },
        "end": { "line": 606, "column": 77 }
      },
      "218": {
        "start": { "line": 607, "column": 12 },
        "end": { "line": 607, "column": 21081 }
      },
      "219": {
        "start": { "line": 608, "column": 16 },
        "end": { "line": 608, "column": 77 }
      },
      "220": {
        "start": { "line": 609, "column": 12 },
        "end": { "line": 609, "column": 21201 }
      },
      "221": {
        "start": { "line": 610, "column": 16 },
        "end": { "line": 610, "column": 77 }
      },
      "222": {
        "start": { "line": 611, "column": 12 },
        "end": { "line": 611, "column": 21320 }
      },
      "223": {
        "start": { "line": 612, "column": 16 },
        "end": { "line": 612, "column": 77 }
      },
      "224": {
        "start": { "line": 613, "column": 12 },
        "end": { "line": 613, "column": 21439 }
      },
      "225": {
        "start": { "line": 614, "column": 16 },
        "end": { "line": 614, "column": 77 }
      },
      "226": {
        "start": { "line": 615, "column": 12 },
        "end": { "line": 615, "column": 21558 }
      },
      "227": {
        "start": { "line": 616, "column": 16 },
        "end": { "line": 616, "column": 77 }
      },
      "228": {
        "start": { "line": 617, "column": 12 },
        "end": { "line": 617, "column": 21677 }
      },
      "229": {
        "start": { "line": 618, "column": 16 },
        "end": { "line": 618, "column": 77 }
      },
      "230": {
        "start": { "line": 619, "column": 12 },
        "end": { "line": 619, "column": 21795 }
      },
      "231": {
        "start": { "line": 620, "column": 16 },
        "end": { "line": 620, "column": 77 }
      },
      "232": {
        "start": { "line": 621, "column": 12 },
        "end": { "line": 621, "column": 21913 }
      },
      "233": {
        "start": { "line": 622, "column": 16 },
        "end": { "line": 622, "column": 77 }
      },
      "234": {
        "start": { "line": 623, "column": 12 },
        "end": { "line": 623, "column": 22031 }
      },
      "235": {
        "start": { "line": 624, "column": 16 },
        "end": { "line": 624, "column": 77 }
      },
      "236": {
        "start": { "line": 625, "column": 12 },
        "end": { "line": 625, "column": 22149 }
      },
      "237": {
        "start": { "line": 626, "column": 16 },
        "end": { "line": 626, "column": 77 }
      },
      "238": {
        "start": { "line": 627, "column": 12 },
        "end": { "line": 627, "column": 22266 }
      },
      "239": {
        "start": { "line": 628, "column": 16 },
        "end": { "line": 628, "column": 77 }
      },
      "240": {
        "start": { "line": 629, "column": 12 },
        "end": { "line": 629, "column": 22383 }
      },
      "241": {
        "start": { "line": 630, "column": 16 },
        "end": { "line": 630, "column": 77 }
      },
      "242": {
        "start": { "line": 631, "column": 12 },
        "end": { "line": 631, "column": 22500 }
      },
      "243": {
        "start": { "line": 632, "column": 16 },
        "end": { "line": 632, "column": 77 }
      },
      "244": {
        "start": { "line": 633, "column": 12 },
        "end": { "line": 633, "column": 22617 }
      },
      "245": {
        "start": { "line": 634, "column": 16 },
        "end": { "line": 634, "column": 77 }
      },
      "246": {
        "start": { "line": 635, "column": 12 },
        "end": { "line": 635, "column": 22733 }
      },
      "247": {
        "start": { "line": 636, "column": 16 },
        "end": { "line": 636, "column": 77 }
      },
      "248": {
        "start": { "line": 637, "column": 12 },
        "end": { "line": 637, "column": 22849 }
      },
      "249": {
        "start": { "line": 638, "column": 16 },
        "end": { "line": 638, "column": 77 }
      },
      "250": {
        "start": { "line": 639, "column": 12 },
        "end": { "line": 639, "column": 22965 }
      },
      "251": {
        "start": { "line": 640, "column": 16 },
        "end": { "line": 640, "column": 77 }
      },
      "252": {
        "start": { "line": 641, "column": 12 },
        "end": { "line": 641, "column": 23081 }
      },
      "253": {
        "start": { "line": 642, "column": 16 },
        "end": { "line": 642, "column": 77 }
      },
      "254": {
        "start": { "line": 643, "column": 12 },
        "end": { "line": 643, "column": 23196 }
      },
      "255": {
        "start": { "line": 644, "column": 16 },
        "end": { "line": 644, "column": 77 }
      },
      "256": {
        "start": { "line": 645, "column": 12 },
        "end": { "line": 645, "column": 23311 }
      },
      "257": {
        "start": { "line": 646, "column": 16 },
        "end": { "line": 646, "column": 77 }
      },
      "258": {
        "start": { "line": 647, "column": 12 },
        "end": { "line": 647, "column": 23426 }
      },
      "259": {
        "start": { "line": 648, "column": 16 },
        "end": { "line": 648, "column": 77 }
      },
      "260": {
        "start": { "line": 649, "column": 12 },
        "end": { "line": 649, "column": 23541 }
      },
      "261": {
        "start": { "line": 650, "column": 16 },
        "end": { "line": 650, "column": 77 }
      },
      "262": {
        "start": { "line": 651, "column": 12 },
        "end": { "line": 651, "column": 23655 }
      },
      "263": {
        "start": { "line": 652, "column": 16 },
        "end": { "line": 652, "column": 77 }
      },
      "264": {
        "start": { "line": 653, "column": 12 },
        "end": { "line": 653, "column": 23769 }
      },
      "265": {
        "start": { "line": 654, "column": 16 },
        "end": { "line": 654, "column": 77 }
      },
      "266": {
        "start": { "line": 655, "column": 12 },
        "end": { "line": 655, "column": 23883 }
      },
      "267": {
        "start": { "line": 656, "column": 16 },
        "end": { "line": 656, "column": 77 }
      },
      "268": {
        "start": { "line": 657, "column": 12 },
        "end": { "line": 657, "column": 23997 }
      },
      "269": {
        "start": { "line": 658, "column": 16 },
        "end": { "line": 658, "column": 77 }
      },
      "270": {
        "start": { "line": 659, "column": 12 },
        "end": { "line": 659, "column": 24110 }
      },
      "271": {
        "start": { "line": 660, "column": 16 },
        "end": { "line": 660, "column": 77 }
      },
      "272": {
        "start": { "line": 661, "column": 12 },
        "end": { "line": 661, "column": 24223 }
      },
      "273": {
        "start": { "line": 662, "column": 16 },
        "end": { "line": 662, "column": 77 }
      },
      "274": {
        "start": { "line": 663, "column": 12 },
        "end": { "line": 663, "column": 24336 }
      },
      "275": {
        "start": { "line": 664, "column": 16 },
        "end": { "line": 664, "column": 77 }
      },
      "276": {
        "start": { "line": 665, "column": 12 },
        "end": { "line": 665, "column": 24449 }
      },
      "277": {
        "start": { "line": 666, "column": 16 },
        "end": { "line": 666, "column": 77 }
      },
      "278": {
        "start": { "line": 667, "column": 12 },
        "end": { "line": 667, "column": 24561 }
      },
      "279": {
        "start": { "line": 668, "column": 16 },
        "end": { "line": 668, "column": 77 }
      },
      "280": {
        "start": { "line": 669, "column": 12 },
        "end": { "line": 669, "column": 24673 }
      },
      "281": {
        "start": { "line": 670, "column": 16 },
        "end": { "line": 670, "column": 77 }
      },
      "282": {
        "start": { "line": 671, "column": 12 },
        "end": { "line": 671, "column": 24785 }
      },
      "283": {
        "start": { "line": 672, "column": 16 },
        "end": { "line": 672, "column": 77 }
      },
      "284": {
        "start": { "line": 673, "column": 12 },
        "end": { "line": 673, "column": 24897 }
      },
      "285": {
        "start": { "line": 674, "column": 16 },
        "end": { "line": 674, "column": 77 }
      },
      "286": {
        "start": { "line": 675, "column": 12 },
        "end": { "line": 675, "column": 25008 }
      },
      "287": {
        "start": { "line": 676, "column": 16 },
        "end": { "line": 676, "column": 77 }
      },
      "288": {
        "start": { "line": 677, "column": 12 },
        "end": { "line": 677, "column": 25119 }
      },
      "289": {
        "start": { "line": 678, "column": 16 },
        "end": { "line": 678, "column": 77 }
      },
      "290": {
        "start": { "line": 679, "column": 12 },
        "end": { "line": 679, "column": 25230 }
      },
      "291": {
        "start": { "line": 680, "column": 16 },
        "end": { "line": 680, "column": 77 }
      },
      "292": {
        "start": { "line": 681, "column": 12 },
        "end": { "line": 681, "column": 25341 }
      },
      "293": {
        "start": { "line": 682, "column": 16 },
        "end": { "line": 682, "column": 77 }
      },
      "294": {
        "start": { "line": 683, "column": 12 },
        "end": { "line": 683, "column": 25451 }
      },
      "295": {
        "start": { "line": 684, "column": 16 },
        "end": { "line": 684, "column": 77 }
      },
      "296": {
        "start": { "line": 685, "column": 12 },
        "end": { "line": 685, "column": 25561 }
      },
      "297": {
        "start": { "line": 686, "column": 16 },
        "end": { "line": 686, "column": 77 }
      },
      "298": {
        "start": { "line": 687, "column": 12 },
        "end": { "line": 687, "column": 25671 }
      },
      "299": {
        "start": { "line": 688, "column": 16 },
        "end": { "line": 688, "column": 77 }
      },
      "300": {
        "start": { "line": 689, "column": 12 },
        "end": { "line": 689, "column": 25781 }
      },
      "301": {
        "start": { "line": 690, "column": 16 },
        "end": { "line": 690, "column": 77 }
      },
      "302": {
        "start": { "line": 691, "column": 12 },
        "end": { "line": 691, "column": 25890 }
      },
      "303": {
        "start": { "line": 692, "column": 16 },
        "end": { "line": 692, "column": 77 }
      },
      "304": {
        "start": { "line": 693, "column": 12 },
        "end": { "line": 693, "column": 25999 }
      },
      "305": {
        "start": { "line": 694, "column": 16 },
        "end": { "line": 694, "column": 77 }
      },
      "306": {
        "start": { "line": 695, "column": 12 },
        "end": { "line": 695, "column": 26108 }
      },
      "307": {
        "start": { "line": 696, "column": 16 },
        "end": { "line": 696, "column": 77 }
      },
      "308": {
        "start": { "line": 698, "column": 12 },
        "end": { "line": 698, "column": 53 }
      },
      "309": {
        "start": { "line": 699, "column": 12 },
        "end": { "line": 699, "column": 56 }
      },
      "310": {
        "start": { "line": 701, "column": 12 },
        "end": { "line": 701, "column": 41 }
      },
      "311": {
        "start": { "line": 713, "column": 12 },
        "end": { "line": 713, "column": 44 }
      },
      "312": {
        "start": { "line": 715, "column": 12 },
        "end": { "line": 715, "column": 51 }
      },
      "313": {
        "start": { "line": 715, "column": 43 },
        "end": { "line": 715, "column": 51 }
      },
      "314": {
        "start": { "line": 717, "column": 12 },
        "end": { "line": 717, "column": 26727 }
      },
      "315": {
        "start": { "line": 736, "column": 12 },
        "end": { "line": 736, "column": 26 }
      },
      "316": {
        "start": { "line": 738, "column": 12 },
        "end": { "line": 738, "column": 26 }
      },
      "317": {
        "start": { "line": 740, "column": 12 },
        "end": { "line": 740, "column": 27400 }
      },
      "318": {
        "start": { "line": 741, "column": 16 },
        "end": { "line": 741, "column": 37 }
      },
      "319": {
        "start": { "line": 743, "column": 16 },
        "end": { "line": 743, "column": 33 }
      },
      "320": {
        "start": { "line": 744, "column": 16 },
        "end": { "line": 744, "column": 37 }
      },
      "321": {
        "start": { "line": 745, "column": 16 },
        "end": { "line": 745, "column": 27614 }
      },
      "322": {
        "start": { "line": 746, "column": 20 },
        "end": { "line": 746, "column": 28 }
      },
      "323": {
        "start": { "line": 747, "column": 20 },
        "end": { "line": 747, "column": 28 }
      },
      "324": {
        "start": { "line": 749, "column": 16 },
        "end": { "line": 749, "column": 27735 }
      },
      "325": {
        "start": { "line": 750, "column": 20 },
        "end": { "line": 750, "column": 28 }
      },
      "326": {
        "start": { "line": 751, "column": 20 },
        "end": { "line": 751, "column": 28 }
      },
      "327": {
        "start": { "line": 753, "column": 16 },
        "end": { "line": 753, "column": 27852 }
      },
      "328": {
        "start": { "line": 754, "column": 20 },
        "end": { "line": 754, "column": 27 }
      },
      "329": {
        "start": { "line": 755, "column": 20 },
        "end": { "line": 755, "column": 27 }
      },
      "330": {
        "start": { "line": 757, "column": 16 },
        "end": { "line": 757, "column": 27965 }
      },
      "331": {
        "start": { "line": 758, "column": 20 },
        "end": { "line": 758, "column": 27 }
      },
      "332": {
        "start": { "line": 759, "column": 20 },
        "end": { "line": 759, "column": 27 }
      },
      "333": {
        "start": { "line": 761, "column": 16 },
        "end": { "line": 761, "column": 28077 }
      },
      "334": {
        "start": { "line": 762, "column": 20 },
        "end": { "line": 762, "column": 27 }
      },
      "335": {
        "start": { "line": 763, "column": 20 },
        "end": { "line": 763, "column": 27 }
      },
      "336": {
        "start": { "line": 765, "column": 16 },
        "end": { "line": 765, "column": 39 }
      },
      "337": {
        "start": { "line": 765, "column": 31 },
        "end": { "line": 765, "column": 38 }
      },
      "338": {
        "start": { "line": 767, "column": 16 },
        "end": { "line": 767, "column": 75 }
      },
      "339": {
        "start": { "line": 768, "column": 16 },
        "end": { "line": 768, "column": 68 }
      },
      "340": {
        "start": { "line": 770, "column": 16 },
        "end": { "line": 770, "column": 48 }
      },
      "341": {
        "start": { "line": 771, "column": 16 },
        "end": { "line": 771, "column": 78 }
      },
      "342": {
        "start": { "line": 773, "column": 16 },
        "end": { "line": 773, "column": 37 }
      },
      "343": {
        "start": { "line": 774, "column": 16 },
        "end": { "line": 774, "column": 36 }
      },
      "344": {
        "start": { "line": 776, "column": 16 },
        "end": { "line": 776, "column": 36 }
      },
      "345": {
        "start": { "line": 776, "column": 29 },
        "end": { "line": 776, "column": 35 }
      },
      "346": {
        "start": { "line": 777, "column": 16 },
        "end": { "line": 777, "column": 23 }
      },
      "347": {
        "start": { "line": 778, "column": 16 },
        "end": { "line": 778, "column": 29 }
      },
      "348": {
        "start": { "line": 779, "column": 16 },
        "end": { "line": 779, "column": 36 }
      },
      "349": {
        "start": { "line": 779, "column": 29 },
        "end": { "line": 779, "column": 35 }
      },
      "350": {
        "start": { "line": 780, "column": 16 },
        "end": { "line": 780, "column": 23 }
      },
      "351": {
        "start": { "line": 782, "column": 16 },
        "end": { "line": 782, "column": 38 }
      },
      "352": {
        "start": { "line": 784, "column": 16 },
        "end": { "line": 784, "column": 31 }
      },
      "353": {
        "start": { "line": 787, "column": 12 },
        "end": { "line": 787, "column": 64 }
      },
      "354": {
        "start": { "line": 788, "column": 12 },
        "end": { "line": 788, "column": 34 }
      },
      "355": {
        "start": { "line": 801, "column": 12 },
        "end": { "line": 801, "column": 29351 }
      },
      "356": {
        "start": { "line": 801, "column": 24 },
        "end": { "line": 801, "column": 32 }
      },
      "357": {
        "start": { "line": 803, "column": 16 },
        "end": { "line": 803, "column": 30 }
      },
      "358": {
        "start": { "line": 804, "column": 16 },
        "end": { "line": 804, "column": 29 }
      },
      "359": {
        "start": { "line": 805, "column": 16 },
        "end": { "line": 805, "column": 29475 }
      },
      "360": {
        "start": { "line": 806, "column": 20 },
        "end": { "line": 806, "column": 29 }
      },
      "361": {
        "start": { "line": 807, "column": 20 },
        "end": { "line": 807, "column": 27 }
      },
      "362": {
        "start": { "line": 809, "column": 16 },
        "end": { "line": 809, "column": 29620 }
      },
      "363": {
        "start": { "line": 810, "column": 20 },
        "end": { "line": 810, "column": 28 }
      },
      "364": {
        "start": { "line": 811, "column": 20 },
        "end": { "line": 811, "column": 27 }
      },
      "365": {
        "start": { "line": 813, "column": 16 },
        "end": { "line": 813, "column": 29748 }
      },
      "366": {
        "start": { "line": 814, "column": 20 },
        "end": { "line": 814, "column": 28 }
      },
      "367": {
        "start": { "line": 815, "column": 20 },
        "end": { "line": 815, "column": 27 }
      },
      "368": {
        "start": { "line": 817, "column": 16 },
        "end": { "line": 817, "column": 29868 }
      },
      "369": {
        "start": { "line": 818, "column": 20 },
        "end": { "line": 818, "column": 28 }
      },
      "370": {
        "start": { "line": 819, "column": 20 },
        "end": { "line": 819, "column": 26 }
      },
      "371": {
        "start": { "line": 821, "column": 16 },
        "end": { "line": 821, "column": 29983 }
      },
      "372": {
        "start": { "line": 822, "column": 20 },
        "end": { "line": 822, "column": 27 }
      },
      "373": {
        "start": { "line": 823, "column": 20 },
        "end": { "line": 823, "column": 26 }
      },
      "374": {
        "start": { "line": 825, "column": 16 },
        "end": { "line": 825, "column": 30095 }
      },
      "375": {
        "start": { "line": 826, "column": 20 },
        "end": { "line": 826, "column": 27 }
      },
      "376": {
        "start": { "line": 827, "column": 20 },
        "end": { "line": 827, "column": 26 }
      },
      "377": {
        "start": { "line": 829, "column": 16 },
        "end": { "line": 829, "column": 30206 }
      },
      "378": {
        "start": { "line": 830, "column": 20 },
        "end": { "line": 830, "column": 26 }
      },
      "379": {
        "start": { "line": 832, "column": 16 },
        "end": { "line": 832, "column": 35 }
      },
      "380": {
        "start": { "line": 833, "column": 16 },
        "end": { "line": 833, "column": 35 }
      },
      "381": {
        "start": { "line": 834, "column": 16 },
        "end": { "line": 834, "column": 35 }
      },
      "382": {
        "start": { "line": 835, "column": 16 },
        "end": { "line": 835, "column": 35 }
      },
      "383": {
        "start": { "line": 836, "column": 16 },
        "end": { "line": 836, "column": 35 }
      },
      "384": {
        "start": { "line": 837, "column": 16 },
        "end": { "line": 837, "column": 35 }
      },
      "385": {
        "start": { "line": 838, "column": 16 },
        "end": { "line": 838, "column": 35 }
      },
      "386": {
        "start": { "line": 839, "column": 16 },
        "end": { "line": 839, "column": 34 }
      },
      "387": {
        "start": { "line": 840, "column": 16 },
        "end": { "line": 840, "column": 47 }
      }
    },
    "branchMap": {
      "1": {
        "line": 36,
        "type": "if",
        "locations": [
          {
            "start": { "line": 36, "column": 12 },
            "end": { "line": 36, "column": 12 }
          },
          {
            "start": { "line": 36, "column": 12 },
            "end": { "line": 36, "column": 12 }
          }
        ]
      },
      "2": {
        "line": 63,
        "type": "if",
        "locations": [
          {
            "start": { "line": 63, "column": 12 },
            "end": { "line": 63, "column": 12 }
          },
          {
            "start": { "line": 63, "column": 12 },
            "end": { "line": 63, "column": 12 }
          }
        ]
      },
      "3": {
        "line": 77,
        "type": "if",
        "locations": [
          {
            "start": { "line": 77, "column": 12 },
            "end": { "line": 77, "column": 12 }
          },
          {
            "start": { "line": 77, "column": 12 },
            "end": { "line": 77, "column": 12 }
          }
        ]
      },
      "4": {
        "line": 92,
        "type": "if",
        "locations": [
          {
            "start": { "line": 92, "column": 12 },
            "end": { "line": 92, "column": 12 }
          },
          {
            "start": { "line": 92, "column": 12 },
            "end": { "line": 92, "column": 12 }
          }
        ]
      },
      "5": {
        "line": 120,
        "type": "if",
        "locations": [
          {
            "start": { "line": 120, "column": 12 },
            "end": { "line": 120, "column": 12 }
          },
          {
            "start": { "line": 120, "column": 12 },
            "end": { "line": 120, "column": 12 }
          }
        ]
      },
      "6": {
        "line": 135,
        "type": "if",
        "locations": [
          {
            "start": { "line": 135, "column": 12 },
            "end": { "line": 135, "column": 12 }
          },
          {
            "start": { "line": 135, "column": 12 },
            "end": { "line": 135, "column": 12 }
          }
        ]
      },
      "7": {
        "line": 150,
        "type": "if",
        "locations": [
          {
            "start": { "line": 150, "column": 12 },
            "end": { "line": 150, "column": 12 }
          },
          {
            "start": { "line": 150, "column": 12 },
            "end": { "line": 150, "column": 12 }
          }
        ]
      },
      "8": {
        "line": 165,
        "type": "if",
        "locations": [
          {
            "start": { "line": 165, "column": 12 },
            "end": { "line": 165, "column": 12 }
          },
          {
            "start": { "line": 165, "column": 12 },
            "end": { "line": 165, "column": 12 }
          }
        ]
      },
      "9": {
        "line": 166,
        "type": "if",
        "locations": [
          {
            "start": { "line": 166, "column": 16 },
            "end": { "line": 166, "column": 16 }
          },
          {
            "start": { "line": 166, "column": 16 },
            "end": { "line": 166, "column": 16 }
          }
        ]
      },
      "10": {
        "line": 173,
        "type": "if",
        "locations": [
          {
            "start": { "line": 173, "column": 16 },
            "end": { "line": 173, "column": 16 }
          },
          {
            "start": { "line": 173, "column": 16 },
            "end": { "line": 173, "column": 16 }
          }
        ]
      },
      "11": {
        "line": 177,
        "type": "if",
        "locations": [
          {
            "start": { "line": 177, "column": 16 },
            "end": { "line": 177, "column": 16 }
          },
          {
            "start": { "line": 177, "column": 16 },
            "end": { "line": 177, "column": 16 }
          }
        ]
      },
      "12": {
        "line": 182,
        "type": "if",
        "locations": [
          {
            "start": { "line": 182, "column": 16 },
            "end": { "line": 182, "column": 16 }
          },
          {
            "start": { "line": 182, "column": 16 },
            "end": { "line": 182, "column": 16 }
          }
        ]
      },
      "13": {
        "line": 183,
        "type": "if",
        "locations": [
          {
            "start": { "line": 183, "column": 20 },
            "end": { "line": 183, "column": 20 }
          },
          {
            "start": { "line": 183, "column": 20 },
            "end": { "line": 183, "column": 20 }
          }
        ]
      },
      "14": {
        "line": 189,
        "type": "if",
        "locations": [
          {
            "start": { "line": 189, "column": 20 },
            "end": { "line": 189, "column": 20 }
          },
          {
            "start": { "line": 189, "column": 20 },
            "end": { "line": 189, "column": 20 }
          }
        ]
      },
      "15": {
        "line": 209,
        "type": "if",
        "locations": [
          {
            "start": { "line": 209, "column": 12 },
            "end": { "line": 209, "column": 12 }
          },
          {
            "start": { "line": 209, "column": 12 },
            "end": { "line": 209, "column": 12 }
          }
        ]
      },
      "16": {
        "line": 211,
        "type": "if",
        "locations": [
          {
            "start": { "line": 211, "column": 12 },
            "end": { "line": 211, "column": 12 }
          },
          {
            "start": { "line": 211, "column": 12 },
            "end": { "line": 211, "column": 12 }
          }
        ]
      },
      "17": {
        "line": 217,
        "type": "if",
        "locations": [
          {
            "start": { "line": 217, "column": 12 },
            "end": { "line": 217, "column": 12 }
          },
          {
            "start": { "line": 217, "column": 12 },
            "end": { "line": 217, "column": 12 }
          }
        ]
      },
      "18": {
        "line": 220,
        "type": "if",
        "locations": [
          {
            "start": { "line": 220, "column": 12 },
            "end": { "line": 220, "column": 12 }
          },
          {
            "start": { "line": 220, "column": 12 },
            "end": { "line": 220, "column": 12 }
          }
        ]
      },
      "19": {
        "line": 239,
        "type": "if",
        "locations": [
          {
            "start": { "line": 239, "column": 12 },
            "end": { "line": 239, "column": 12 }
          },
          {
            "start": { "line": 239, "column": 12 },
            "end": { "line": 239, "column": 12 }
          }
        ]
      },
      "20": {
        "line": 241,
        "type": "if",
        "locations": [
          {
            "start": { "line": 241, "column": 12 },
            "end": { "line": 241, "column": 12 }
          },
          {
            "start": { "line": 241, "column": 12 },
            "end": { "line": 241, "column": 12 }
          }
        ]
      },
      "21": {
        "line": 256,
        "type": "if",
        "locations": [
          {
            "start": { "line": 256, "column": 12 },
            "end": { "line": 256, "column": 12 }
          },
          {
            "start": { "line": 256, "column": 12 },
            "end": { "line": 256, "column": 12 }
          }
        ]
      },
      "22": {
        "line": 259,
        "type": "if",
        "locations": [
          {
            "start": { "line": 259, "column": 12 },
            "end": { "line": 259, "column": 12 }
          },
          {
            "start": { "line": 259, "column": 12 },
            "end": { "line": 259, "column": 12 }
          }
        ]
      },
      "23": {
        "line": 263,
        "type": "if",
        "locations": [
          {
            "start": { "line": 263, "column": 12 },
            "end": { "line": 263, "column": 12 }
          },
          {
            "start": { "line": 263, "column": 12 },
            "end": { "line": 263, "column": 12 }
          }
        ]
      },
      "24": {
        "line": 268,
        "type": "if",
        "locations": [
          {
            "start": { "line": 268, "column": 12 },
            "end": { "line": 268, "column": 12 }
          },
          {
            "start": { "line": 268, "column": 12 },
            "end": { "line": 268, "column": 12 }
          }
        ]
      },
      "25": {
        "line": 269,
        "type": "if",
        "locations": [
          {
            "start": { "line": 269, "column": 16 },
            "end": { "line": 269, "column": 16 }
          },
          {
            "start": { "line": 269, "column": 16 },
            "end": { "line": 269, "column": 16 }
          }
        ]
      },
      "26": {
        "line": 272,
        "type": "if",
        "locations": [
          {
            "start": { "line": 272, "column": 16 },
            "end": { "line": 272, "column": 16 }
          },
          {
            "start": { "line": 272, "column": 16 },
            "end": { "line": 272, "column": 16 }
          }
        ]
      },
      "27": {
        "line": 288,
        "type": "if",
        "locations": [
          {
            "start": { "line": 288, "column": 12 },
            "end": { "line": 288, "column": 12 }
          },
          {
            "start": { "line": 288, "column": 12 },
            "end": { "line": 288, "column": 12 }
          }
        ]
      },
      "28": {
        "line": 290,
        "type": "if",
        "locations": [
          {
            "start": { "line": 290, "column": 12 },
            "end": { "line": 290, "column": 12 }
          },
          {
            "start": { "line": 290, "column": 12 },
            "end": { "line": 290, "column": 12 }
          }
        ]
      },
      "29": {
        "line": 303,
        "type": "if",
        "locations": [
          {
            "start": { "line": 303, "column": 12 },
            "end": { "line": 303, "column": 12 }
          },
          {
            "start": { "line": 303, "column": 12 },
            "end": { "line": 303, "column": 12 }
          }
        ]
      },
      "30": {
        "line": 316,
        "type": "if",
        "locations": [
          {
            "start": { "line": 316, "column": 12 },
            "end": { "line": 316, "column": 12 }
          },
          {
            "start": { "line": 316, "column": 12 },
            "end": { "line": 316, "column": 12 }
          }
        ]
      },
      "31": {
        "line": 330,
        "type": "if",
        "locations": [
          {
            "start": { "line": 330, "column": 12 },
            "end": { "line": 330, "column": 12 }
          },
          {
            "start": { "line": 330, "column": 12 },
            "end": { "line": 330, "column": 12 }
          }
        ]
      },
      "32": {
        "line": 332,
        "type": "if",
        "locations": [
          {
            "start": { "line": 332, "column": 12 },
            "end": { "line": 332, "column": 12 }
          },
          {
            "start": { "line": 332, "column": 12 },
            "end": { "line": 332, "column": 12 }
          }
        ]
      },
      "33": {
        "line": 361,
        "type": "if",
        "locations": [
[...]
            "start": { "line": 364, "column": 8 },
            "end": { "line": 364, "column": 8 }
          }
        ]
      },
      "9": {
        "line": 365,
        "type": "if",
        "locations": [
          {
            "start": { "line": 365, "column": 8 },
            "end": { "line": 365, "column": 8 }
          },
          {
            "start": { "line": 365, "column": 8 },
            "end": { "line": 365, "column": 8 }
          }
        ]
      },
      "10": {
        "line": 366,
        "type": "if",
        "locations": [
          {
            "start": { "line": 366, "column": 8 },
            "end": { "line": 366, "column": 8 }
          },
          {
            "start": { "line": 366, "column": 8 },
            "end": { "line": 366, "column": 8 }
          }
        ]
      },
      "11": {
        "line": 367,
        "type": "if",
        "locations": [
          {
            "start": { "line": 367, "column": 8 },
            "end": { "line": 367, "column": 8 }
          },
          {
            "start": { "line": 367, "column": 8 },
            "end": { "line": 367, "column": 8 }
          }
        ]
      },
      "12": {
        "line": 368,
        "type": "if",
        "locations": [
          {
            "start": { "line": 368, "column": 8 },
            "end": { "line": 368, "column": 8 }
          },
          {
            "start": { "line": 368, "column": 8 },
            "end": { "line": 368, "column": 8 }
          }
        ]
      },
      "13": {
        "line": 369,
        "type": "if",
        "locations": [
          {
            "start": { "line": 369, "column": 8 },
            "end": { "line": 369, "column": 8 }
          },
          {
            "start": { "line": 369, "column": 8 },
            "end": { "line": 369, "column": 8 }
          }
        ]
      },
      "14": {
        "line": 373,
        "type": "if",
        "locations": [
          {
            "start": { "line": 373, "column": 8 },
            "end": { "line": 373, "column": 8 }
          },
          {
            "start": { "line": 373, "column": 8 },
            "end": { "line": 373, "column": 8 }
          }
        ]
      },
      "15": {
        "line": 377,
        "type": "if",
        "locations": [
          {
            "start": { "line": 377, "column": 8 },
            "end": { "line": 377, "column": 8 }
          },
          {
            "start": { "line": 377, "column": 8 },
            "end": { "line": 377, "column": 8 }
          }
        ]
      },
      "16": {
        "line": 381,
        "type": "if",
        "locations": [
          {
            "start": { "line": 381, "column": 8 },
            "end": { "line": 381, "column": 8 }
          },
          {
            "start": { "line": 381, "column": 8 },
            "end": { "line": 381, "column": 8 }
          }
        ]
      },
      "17": {
        "line": 426,
        "type": "if",
        "locations": [
          {
            "start": { "line": 426, "column": 8 },
            "end": { "line": 426, "column": 8 }
          },
          {
            "start": { "line": 426, "column": 8 },
            "end": { "line": 426, "column": 8 }
          }
        ]
      },
      "18": {
        "line": 461,
        "type": "if",
        "locations": [
          {
            "start": { "line": 461, "column": 8 },
            "end": { "line": 461, "column": 8 }
          },
          {
            "start": { "line": 461, "column": 8 },
            "end": { "line": 461, "column": 8 }
          }
        ]
      },
      "19": {
        "line": 473,
        "type": "if",
        "locations": [
          {
            "start": { "line": 473, "column": 8 },
            "end": { "line": 473, "column": 8 }
          },
          {
            "start": { "line": 473, "column": 8 },
            "end": { "line": 473, "column": 8 }
          }
        ]
      },
      "20": {
        "line": 474,
        "type": "if",
        "locations": [
          {
            "start": { "line": 474, "column": 8 },
            "end": { "line": 474, "column": 8 }
          },
          {
            "start": { "line": 474, "column": 8 },
            "end": { "line": 474, "column": 8 }
          }
        ]
      },
      "21": {
        "line": 484,
        "type": "if",
        "locations": [
          {
            "start": { "line": 484, "column": 8 },
            "end": { "line": 484, "column": 8 }
          },
          {
            "start": { "line": 484, "column": 8 },
            "end": { "line": 484, "column": 8 }
          }
        ]
      },
      "22": {
        "line": 495,
        "type": "if",
        "locations": [
          {
            "start": { "line": 495, "column": 8 },
            "end": { "line": 495, "column": 8 }
          },
          {
            "start": { "line": 495, "column": 8 },
            "end": { "line": 495, "column": 8 }
          }
        ]
      },
      "23": {
        "line": 514,
        "type": "if",
        "locations": [
          {
            "start": { "line": 514, "column": 8 },
            "end": { "line": 514, "column": 8 }
          },
          {
            "start": { "line": 514, "column": 8 },
            "end": { "line": 514, "column": 8 }
          }
        ]
      },
      "24": {
        "line": 528,
        "type": "if",
        "locations": [
          {
            "start": { "line": 528, "column": 8 },
            "end": { "line": 528, "column": 8 }
          },
          {
            "start": { "line": 528, "column": 8 },
            "end": { "line": 528, "column": 8 }
          }
        ]
      },
      "25": {
        "line": 538,
        "type": "if",
        "locations": [
          {
            "start": { "line": 538, "column": 8 },
            "end": { "line": 538, "column": 8 }
          },
          {
            "start": { "line": 538, "column": 8 },
            "end": { "line": 538, "column": 8 }
          }
        ]
      },
      "26": {
        "line": 551,
        "type": "if",
        "locations": [
          {
            "start": { "line": 551, "column": 8 },
            "end": { "line": 551, "column": 8 }
          },
          {
            "start": { "line": 551, "column": 8 },
            "end": { "line": 551, "column": 8 }
          }
        ]
      },
      "27": {
        "line": 563,
        "type": "if",
        "locations": [
          {
            "start": { "line": 563, "column": 8 },
            "end": { "line": 563, "column": 8 }
          },
          {
            "start": { "line": 563, "column": 8 },
            "end": { "line": 563, "column": 8 }
          }
        ]
      },
      "28": {
        "line": 580,
        "type": "if",
        "locations": [
          {
            "start": { "line": 580, "column": 8 },
            "end": { "line": 580, "column": 8 }
          },
          {
            "start": { "line": 580, "column": 8 },
            "end": { "line": 580, "column": 8 }
          }
        ]
      },
      "29": {
        "line": 585,
        "type": "if",
        "locations": [
          {
            "start": { "line": 585, "column": 12 },
            "end": { "line": 585, "column": 12 }
          },
          {
            "start": { "line": 585, "column": 12 },
            "end": { "line": 585, "column": 12 }
          }
        ]
      },
      "30": {
        "line": 586,
        "type": "if",
        "locations": [
          {
            "start": { "line": 586, "column": 12 },
            "end": { "line": 586, "column": 12 }
          },
          {
            "start": { "line": 586, "column": 12 },
            "end": { "line": 586, "column": 12 }
          }
        ]
      },
      "31": {
        "line": 599,
        "type": "if",
        "locations": [
          {
            "start": { "line": 599, "column": 8 },
            "end": { "line": 599, "column": 8 }
          },
          {
            "start": { "line": 599, "column": 8 },
            "end": { "line": 599, "column": 8 }
          }
        ]
      },
      "32": {
        "line": 682,
        "type": "if",
        "locations": [
          {
            "start": { "line": 682, "column": 12 },
            "end": { "line": 682, "column": 12 }
          },
          {
            "start": { "line": 682, "column": 12 },
            "end": { "line": 682, "column": 12 }
          }
        ]
      },
      "33": {
        "line": 766,
        "type": "if",
        "locations": [
          {
            "start": { "line": 766, "column": 8 },
            "end": { "line": 766, "column": 8 }
          },
          {
            "start": { "line": 766, "column": 8 },
            "end": { "line": 766, "column": 8 }
          }
        ]
      },
      "34": {
        "line": 815,
        "type": "if",
        "locations": [
          {
            "start": { "line": 815, "column": 8 },
            "end": { "line": 815, "column": 8 }
          },
          {
            "start": { "line": 815, "column": 8 },
            "end": { "line": 815, "column": 8 }
          }
        ]
      },
      "35": {
        "line": 852,
        "type": "if",
        "locations": [
          {
            "start": { "line": 852, "column": 8 },
            "end": { "line": 852, "column": 8 }
          },
          {
            "start": { "line": 852, "column": 8 },
            "end": { "line": 852, "column": 8 }
          }
        ]
      },
      "36": {
        "line": 855,
        "type": "if",
        "locations": [
          {
            "start": { "line": 855, "column": 8 },
            "end": { "line": 855, "column": 8 }
          },
          {
            "start": { "line": 855, "column": 8 },
            "end": { "line": 855, "column": 8 }
          }
        ]
      },
      "37": {
        "line": 865,
        "type": "if",
        "locations": [
          {
            "start": { "line": 865, "column": 8 },
            "end": { "line": 865, "column": 8 }
          },
          {
            "start": { "line": 865, "column": 8 },
            "end": { "line": 865, "column": 8 }
          }
        ]
      },
      "38": {
        "line": 868,
        "type": "if",
        "locations": [
          {
            "start": { "line": 868, "column": 12 },
            "end": { "line": 868, "column": 12 }
          },
          {
            "start": { "line": 868, "column": 12 },
            "end": { "line": 868, "column": 12 }
          }
        ]
      },
      "39": {
        "line": 871,
        "type": "if",
        "locations": [
          {
            "start": { "line": 871, "column": 12 },
            "end": { "line": 871, "column": 12 }
          },
          {
            "start": { "line": 871, "column": 12 },
            "end": { "line": 871, "column": 12 }
          }
        ]
      },
      "40": {
        "line": 894,
        "type": "if",
        "locations": [
          {
            "start": { "line": 894, "column": 8 },
            "end": { "line": 894, "column": 8 }
          },
          {
            "start": { "line": 894, "column": 8 },
            "end": { "line": 894, "column": 8 }
          }
        ]
      },
      "41": {
        "line": 896,
        "type": "if",
        "locations": [
          {
            "start": { "line": 896, "column": 8 },
            "end": { "line": 896, "column": 8 }
          },
          {
            "start": { "line": 896, "column": 8 },
            "end": { "line": 896, "column": 8 }
          }
        ]
      },
      "42": {
        "line": 920,
        "type": "if",
        "locations": [
          {
            "start": { "line": 920, "column": 8 },
            "end": { "line": 920, "column": 8 }
          },
          {
            "start": { "line": 920, "column": 8 },
            "end": { "line": 920, "column": 8 }
          }
        ]
      },
      "43": {
        "line": 921,
        "type": "if",
        "locations": [
          {
            "start": { "line": 921, "column": 8 },
            "end": { "line": 921, "column": 8 }
          },
          {
            "start": { "line": 921, "column": 8 },
            "end": { "line": 921, "column": 8 }
          }
        ]
      },
      "44": {
        "line": 968,
        "type": "if",
        "locations": [
          {
            "start": { "line": 968, "column": 8 },
            "end": { "line": 968, "column": 8 }
          },
          {
            "start": { "line": 968, "column": 8 },
            "end": { "line": 968, "column": 8 }
          }
        ]
      },
      "45": {
        "line": 974,
        "type": "if",
        "locations": [
          {
            "start": { "line": 974, "column": 8 },
            "end": { "line": 974, "column": 8 }
          },
          {
            "start": { "line": 974, "column": 8 },
            "end": { "line": 974, "column": 8 }
          }
        ]
      },
      "46": {
        "line": 980,
        "type": "if",
        "locations": [
          {
            "start": { "line": 980, "column": 8 },
            "end": { "line": 980, "column": 8 }
          },
          {
            "start": { "line": 980, "column": 8 },
            "end": { "line": 980, "column": 8 }
          }
        ]
      },
      "47": {
        "line": 1053,
        "type": "if",
        "locations": [
          {
            "start": { "line": 1053, "column": 8 },
            "end": { "line": 1053, "column": 8 }
          },
          {
            "start": { "line": 1053, "column": 8 },
            "end": { "line": 1053, "column": 8 }
          }
        ]
      },
      "48": {
        "line": 1058,
        "type": "if",
        "locations": [
          {
            "start": { "line": 1058, "column": 8 },
            "end": { "line": 1058, "column": 8 }
          },
          {
            "start": { "line": 1058, "column": 8 },
            "end": { "line": 1058, "column": 8 }
          }
        ]
      },
      "49": {
        "line": 1180,
        "type": "if",
        "locations": [
          {
            "start": { "line": 1180, "column": 8 },
            "end": { "line": 1180, "column": 8 }
          },
          {
            "start": { "line": 1180, "column": 8 },
            "end": { "line": 1180, "column": 8 }
          }
        ]
      },
      "50": {
        "line": 1186,
        "type": "if",
        "locations": [
          {
            "start": { "line": 1186, "column": 8 },
            "end": { "line": 1186, "column": 8 }
          },
          {
            "start": { "line": 1186, "column": 8 },
            "end": { "line": 1186, "column": 8 }
          }
        ]
      },
      "51": {
        "line": 1231,
        "type": "if",
        "locations": [
          {
            "start": { "line": 1231, "column": 8 },
            "end": { "line": 1231, "column": 8 }
          },
          {
            "start": { "line": 1231, "column": 8 },
            "end": { "line": 1231, "column": 8 }
          }
        ]
      },
      "52": {
        "line": 1237,
        "type": "if",
        "locations": [
          {
            "start": { "line": 1237, "column": 15 },
            "end": { "line": 1237, "column": 15 }
          },
          {
            "start": { "line": 1237, "column": 15 },
            "end": { "line": 1237, "column": 15 }
          }
        ]
      },
      "53": {
        "line": 1245,
        "type": "if",
        "locations": [
          {
            "start": { "line": 1245, "column": 15 },
            "end": { "line": 1245, "column": 15 }
          },
          {
            "start": { "line": 1245, "column": 15 },
            "end": { "line": 1245, "column": 15 }
          }
        ]
      },
      "54": {
        "line": 1290,
        "type": "if",
        "locations": [
          {
            "start": { "line": 1290, "column": 8 },
            "end": { "line": 1290, "column": 8 }
          },
          {
            "start": { "line": 1290, "column": 8 },
            "end": { "line": 1290, "column": 8 }
          }
        ]
      },
      "55": {
        "line": 1322,
        "type": "if",
        "locations": [
          {
            "start": { "line": 1322, "column": 8 },
            "end": { "line": 1322, "column": 8 }
          },
          {
            "start": { "line": 1322, "column": 8 },
            "end": { "line": 1322, "column": 8 }
          }
        ]
      },
      "56": {
        "line": 1332,
        "type": "if",
        "locations": [
          {
            "start": { "line": 1332, "column": 8 },
            "end": { "line": 1332, "column": 8 }
          },
          {
            "start": { "line": 1332, "column": 8 },
            "end": { "line": 1332, "column": 8 }
          }
        ]
      },
      "57": {
        "line": 1344,
        "type": "if",
        "locations": [
          {
            "start": { "line": 1344, "column": 12 },
            "end": { "line": 1344, "column": 12 }
          },
          {
            "start": { "line": 1344, "column": 12 },
            "end": { "line": 1344, "column": 12 }
          }
        ]
      },
      "58": {
        "line": 1355,
        "type": "if",
        "locations": [
          {
            "start": { "line": 1355, "column": 8 },
            "end": { "line": 1355, "column": 8 }
          },
          {
            "start": { "line": 1355, "column": 8 },
            "end": { "line": 1355, "column": 8 }
          }
        ]
      },
      "59": {
        "line": 1399,
        "type": "if",
        "locations": [
          {
            "start": { "line": 1399, "column": 8 },
            "end": { "line": 1399, "column": 8 }
          },
          {
            "start": { "line": 1399, "column": 8 },
            "end": { "line": 1399, "column": 8 }
          }
        ]
      },
      "60": {
        "line": 1400,
        "type": "if",
        "locations": [
          {
            "start": { "line": 1400, "column": 12 },
            "end": { "line": 1400, "column": 12 }
          },
          {
            "start": { "line": 1400, "column": 12 },
            "end": { "line": 1400, "column": 12 }
          }
        ]
      },
      "61": {
        "line": 1564,
        "type": "if",
        "locations": [
          {
            "start": { "line": 1564, "column": 8 },
            "end": { "line": 1564, "column": 8 }
          },
          {
            "start": { "line": 1564, "column": 8 },
            "end": { "line": 1564, "column": 8 }
          }
        ]
      },
      "62": {
        "line": 1599,
        "type": "if",
        "locations": [
          {
            "start": { "line": 1599, "column": 8 },
            "end": { "line": 1599, "column": 8 }
          },
          {
            "start": { "line": 1599, "column": 8 },
            "end": { "line": 1599, "column": 8 }
          }
        ]
      },
      "63": {
        "line": 1689,
        "type": "if",
        "locations": [
          {
            "start": { "line": 1689, "column": 8 },
            "end": { "line": 1689, "column": 8 }
          },
          {
            "start": { "line": 1689, "column": 8 },
            "end": { "line": 1689, "column": 8 }
          }
        ]
      },
      "64": {
        "line": 1696,
        "type": "if",
        "locations": [
          {
            "start": { "line": 1696, "column": 8 },
            "end": { "line": 1696, "column": 8 }
          },
          {
            "start": { "line": 1696, "column": 8 },
            "end": { "line": 1696, "column": 8 }
          }
        ]
      },
      "65": {
        "line": 1718,
        "type": "if",
        "locations": [
          {
            "start": { "line": 1718, "column": 8 },
            "end": { "line": 1718, "column": 8 }
          },
          {
            "start": { "line": 1718, "column": 8 },
            "end": { "line": 1718, "column": 8 }
          }
        ]
      }
    }
  }
}
